2023.03.13 22:53:58 INFO  Started: Metals version 0.11.11 in workspace '/workspace/vscode-go' for client Gitpod Code - Insiders 1.77.0-insider.
SLF4J: No SLF4J providers were found.
SLF4J: Defaulting to no-operation (NOP) logger implementation
SLF4J: See https://www.slf4j.org/codes.html#noProviders for further details.
SLF4J: Class path contains SLF4J bindings targeting slf4j-api versions 1.7.x or earlier.
SLF4J: Ignoring binding found at [jar:file:/home/gitpod/.cache/coursier/v1/https/repo1.maven.org/maven2/com/outr/scribe-slf4j_2.13/3.11.0/scribe-slf4j_2.13-3.11.0.jar!/org/slf4j/impl/StaticLoggerBinder.class]
SLF4J: See https://www.slf4j.org/codes.html#ignoredBindings for an explanation.
2023.03.13 22:53:59 INFO  time: initialize in 0.64s
2023.03.13 22:54:02 WARN  Build server is not auto-connectable.
2023.03.13 22:54:02 WARN  no build tool detected in workspace '/workspace/vscode-go'. The most common cause for this problem is that the editor was opened in the wrong working directory, for example if you use sbt then the workspace directory should contain build.sbt. 
Mar 13, 2023 10:54:02 PM org.eclipse.lsp4j.jsonrpc.services.GenericEndpoint notify
INFO: Unsupported notification method: $/setTrace
2023.03.13 22:54:05 WARN  Build server is not auto-connectable.
2023.03.13 22:54:07 INFO  compilation cancelled
2023.03.13 22:54:09 INFO  Attempting to connect to the build server...
2023.03.13 22:54:09 INFO  No build server found
2023.03.13 22:54:09 INFO  time: Connected to build server in 5ms
2023.03.13 22:54:26 WARN  Build server is not auto-connectable.
2023.03.13 22:54:38 INFO  compilation cancelled
2023.03.13 22:54:43 WARN  Build server is not auto-connectable.
Mar 13, 2023 10:54:55 PM org.eclipse.lsp4j.jsonrpc.services.GenericEndpoint notify
INFO: Unsupported notification method: $/setTrace
